Arguments: 
  /Users/jonathanfreed/.nvm/versions/node/v11.2.0/bin/node /usr/local/Cellar/yarn/1.15.2/libexec/bin/yarn.js add @reach/rou

PATH: 
  /Users/jonathanfreed/.nvm/versions/node/v11.2.0/lib/node_modules/npm/node_modules/npm-lifecycle/node-gyp-bin:/Users/jonathanfreed/Development/FEM-complete-react-v5/adopt-me/node_modules/.bin:/Users/jonathanfreed/.nvm/versions/node/v11.2.0/bin:/Users/jonathanfreed/.rvm/gems/ruby-2.5.3/bin:/Users/jonathanfreed/.rvm/gems/ruby-2.5.3@global/bin:/Users/jonathanfreed/.rvm/rubies/ruby-2.5.3/bin:/Applications/Postgres.app/Contents/Versions/latest/bin:/usr/local:/usr/local/bin:/usr/local/sbin:/usr/bin:/usr/local/bin:/usr/bin:/bin:/usr/sbin:/sbin:/Users/jonathanfreed/.rvm/gems/ruby-2.5.3/bin:/Users/jonathanfreed/.rvm/gems/ruby-2.5.3@global/bin:/Users/jonathanfreed/.rvm/rubies/ruby-2.5.3/bin:/Applications/Postgres.app/Contents/Versions/latest/bin:/usr/local:/usr/local/sbin:/Users/jonathanfreed/.rvm/bin

Yarn version: 
  1.15.2

Node version: 
  11.2.0

Platform: 
  darwin x64

Trace: 
  Error: https://registry.npmjs.org/@reach%2frou: Not found
      at Request.params.callback [as _callback] (/usr/local/Cellar/yarn/1.15.2/libexec/lib/cli.js:66058:18)
      at Request.self.callback (/usr/local/Cellar/yarn/1.15.2/libexec/lib/cli.js:129541:22)
      at Request.emit (events.js:182:13)
      at Request.<anonymous> (/usr/local/Cellar/yarn/1.15.2/libexec/lib/cli.js:130513:10)
      at Request.emit (events.js:182:13)
      at IncomingMessage.<anonymous> (/usr/local/Cellar/yarn/1.15.2/libexec/lib/cli.js:130435:12)
      at Object.onceWrapper (events.js:273:13)
      at IncomingMessage.emit (events.js:187:15)
      at endReadableNT (_stream_readable.js:1098:12)
      at process.internalTickCallback (internal/process/next_tick.js:72:19)

npm manifest: 
  {
    "name": "adopt-me",
    "version": "1.0.0",
    "description": "",
    "main": "index.js",
    "scripts": {
      "dev": "parcel src/index.html",
      "dev:mock": "cross-env PET_MOCK=mock npm run dev",
      "format": "prettier \"src/**/*.{js,html}\" --write",
      "lint": "eslint \"src/**/*.{js,jsx}\" --quiet",
      "test": "echo \"Error: no test specified\" && exit 1"
    },
    "repository": {
      "type": "git",
      "url": "git+https://github.com/jonfreed256/adopt-me.git"
    },
    "keywords": [],
    "author": "",
    "license": "ISC",
    "bugs": {
      "url": "https://github.com/jonfreed256/adopt-me/issues"
    },
    "homepage": "https://github.com/jonfreed256/adopt-me#readme",
    "devDependencies": {
      "babel-eslint": "^10.0.2",
      "cross-env": "^5.2.0",
      "eslint": "^6.1.0",
      "eslint-config-prettier": "^6.0.0",
      "eslint-plugin-import": "^2.18.2",
      "eslint-plugin-jsx-a11y": "^6.2.3",
      "eslint-plugin-react": "^7.14.2",
      "eslint-plugin-react-hooks": "^1.6.1",
      "parcel-bundler": "^1.12.3",
      "prettier": "^1.18.2"
    },
    "dependencies": {
      "@frontendmasters/pet": "^1.0.3",
      "react": "^16.8.6",
      "react-dom": "^16.8.6"
    },
    "browserslist": [
      "last 2 Chrome versions",
      "last 2 ChromeAndroid versions",
      "last 2 Firefox versions",
      "last 2 FirefoxAndroid versions",
      "last 2 Safari versions",
      "last 2 iOS versions",
      "last 2 Edge versions",
      "last 2 Opera versions",
      "last 2 OperaMobile versions"
    ]
  }

yarn manifest: 
  No manifest

Lockfile: 
  No lockfile
